set -o pipefail; /usr/bin/mariadb-dump --user=_f588a2d837e8ddd5 --host=127.0.0.1 --port=3306 --password=********** --single-transaction --quick --lock-tables=false _f588a2d837e8ddd5 | /usr/bin/gzip >> ./demo.local/private/backups/20250605_120002-demo_local-database.sql.gz

Backup Summary for demo.local at 2025-06-05 12:00:02.358105
Config  : /home/nikhilsrivatsa/demo/sites/demo.local/private/backups/20250605_120002-demo_local-site_config_backup.json 127.0B
Database: /home/nikhilsrivatsa/demo/sites/demo.local/private/backups/20250605_120002-demo_local-database.sql.gz 236.3KiB
Backup for Site demo.local has been successfully completed
set -o pipefail; /usr/bin/pg_dump postgresql://_8f6f9cca651ed14a:**********@127.0.0.1:5432/_8f6f9cca651ed14a | /usr/bin/gzip >> ./NPS.local/private/backups/20250610_120001-NPS_local-database.sql.gz

Backup Summary for NPS.local at 2025-06-10 12:00:01.888564
Config  : /home/nikhilsrivatsa/demo/sites/NPS.local/private/backups/20250610_120001-NPS_local-site_config_backup.json 128.0B
Database: /home/nikhilsrivatsa/demo/sites/NPS.local/private/backups/20250610_120001-NPS_local-database.sql.gz 323.2KiB
Backup for Site NPS.local has been successfully completed
File ./demo.local/private/backups/20250605_120002-demo_local-database.sql.gz is older than 24 hours
File ./demo.local/private/backups/20250605_120002-demo_local-site_config_backup.json is older than 24 hours
set -o pipefail; /usr/bin/mariadb-dump --user=_f588a2d837e8ddd5 --host=127.0.0.1 --port=3306 --password=********** --single-transaction --quick --lock-tables=false _f588a2d837e8ddd5 | /usr/bin/gzip >> ./demo.local/private/backups/20250610_120001-demo_local-database.sql.gz

Backup Summary for demo.local at 2025-06-10 12:00:02.335234
Config  : /home/nikhilsrivatsa/demo/sites/demo.local/private/backups/20250610_120001-demo_local-site_config_backup.json 127.0B
Database: /home/nikhilsrivatsa/demo/sites/demo.local/private/backups/20250610_120001-demo_local-database.sql.gz 249.9KiB
Backup for Site demo.local has been successfully completed
set -o pipefail; /usr/bin/pg_dump postgresql://_8f6f9cca651ed14a:**********@127.0.0.1:5432/_8f6f9cca651ed14a | /usr/bin/gzip >> ./NPS.local/private/backups/20250611_120001-NPS_local-database.sql.gz

Backup Summary for NPS.local at 2025-06-11 12:00:02.334141
Config  : /home/nikhilsrivatsa/demo/sites/NPS.local/private/backups/20250611_120001-NPS_local-site_config_backup.json 128.0B
Database: /home/nikhilsrivatsa/demo/sites/NPS.local/private/backups/20250611_120001-NPS_local-database.sql.gz 333.0KiB
Backup for Site NPS.local has been successfully completed
File ./demo.local/private/backups/20250610_120001-demo_local-database.sql.gz is older than 24 hours
File ./demo.local/private/backups/20250610_120001-demo_local-site_config_backup.json is older than 24 hours
set -o pipefail; /usr/bin/mariadb-dump --user=_f588a2d837e8ddd5 --host=127.0.0.1 --port=3306 --password=********** --single-transaction --quick --lock-tables=false _f588a2d837e8ddd5 | /usr/bin/gzip >> ./demo.local/private/backups/20250611_120002-demo_local-database.sql.gz

Backup Summary for demo.local at 2025-06-11 12:00:02.726582
Config  : /home/nikhilsrivatsa/demo/sites/demo.local/private/backups/20250611_120002-demo_local-site_config_backup.json 127.0B
Database: /home/nikhilsrivatsa/demo/sites/demo.local/private/backups/20250611_120002-demo_local-database.sql.gz 251.9KiB
Backup for Site demo.local has been successfully completed
set -o pipefail; /usr/bin/pg_dump postgresql://_8f6f9cca651ed14a:**********@127.0.0.1:5432/_8f6f9cca651ed14a | /usr/bin/gzip >> ./NPS.local/private/backups/20250616_180001-NPS_local-database.sql.gz

Backup Summary for NPS.local at 2025-06-16 18:00:01.915687
Config  : /home/nikhilsrivatsa/demo/sites/NPS.local/private/backups/20250616_180001-NPS_local-site_config_backup.json 160.0B
Database: /home/nikhilsrivatsa/demo/sites/NPS.local/private/backups/20250616_180001-NPS_local-database.sql.gz 346.5KiB
Backup for Site NPS.local has been successfully completed
File ./demo.local/private/backups/20250611_120002-demo_local-site_config_backup.json is older than 24 hours
File ./demo.local/private/backups/20250611_120002-demo_local-database.sql.gz is older than 24 hours
set -o pipefail; /usr/bin/mariadb-dump --user=_f588a2d837e8ddd5 --host=127.0.0.1 --port=3306 --password=********** --single-transaction --quick --lock-tables=false _f588a2d837e8ddd5 | /usr/bin/gzip >> ./demo.local/private/backups/20250616_180001-demo_local-database.sql.gz

Backup Summary for demo.local at 2025-06-16 18:00:02.159501
Config  : /home/nikhilsrivatsa/demo/sites/demo.local/private/backups/20250616_180001-demo_local-site_config_backup.json 127.0B
Database: /home/nikhilsrivatsa/demo/sites/demo.local/private/backups/20250616_180001-demo_local-database.sql.gz 250.9KiB
Backup for Site demo.local has been successfully completed
set -o pipefail; /usr/bin/pg_dump postgresql://_8f6f9cca651ed14a:**********@127.0.0.1:5432/_8f6f9cca651ed14a | /usr/bin/gzip >> ./NPS.local/private/backups/20250617_120001-NPS_local-database.sql.gz

Backup Summary for NPS.local at 2025-06-17 12:00:01.873244
Config  : /home/nikhilsrivatsa/demo/sites/NPS.local/private/backups/20250617_120001-NPS_local-site_config_backup.json 160.0B
Database: /home/nikhilsrivatsa/demo/sites/NPS.local/private/backups/20250617_120001-NPS_local-database.sql.gz 350.5KiB
Backup for Site NPS.local has been successfully completed
File ./demo.local/private/backups/20250616_180001-demo_local-site_config_backup.json is recent
File ./demo.local/private/backups/20250616_180001-demo_local-database.sql.gz is recent
set -o pipefail; /usr/bin/mariadb-dump --user=_f588a2d837e8ddd5 --host=127.0.0.1 --port=3306 --password=********** --single-transaction --quick --lock-tables=false _f588a2d837e8ddd5 | /usr/bin/gzip >> ./demo.local/private/backups/20250617_120001-demo_local-database.sql.gz

Backup Summary for demo.local at 2025-06-17 12:00:02.188207
Config  : /home/nikhilsrivatsa/demo/sites/demo.local/private/backups/20250617_120001-demo_local-site_config_backup.json 127.0B
Database: /home/nikhilsrivatsa/demo/sites/demo.local/private/backups/20250617_120001-demo_local-database.sql.gz 249.0KiB
Backup for Site demo.local has been successfully completed
set -o pipefail; /usr/bin/pg_dump postgresql://_8f6f9cca651ed14a:**********@127.0.0.1:5432/_8f6f9cca651ed14a | /usr/bin/gzip >> ./NPS.local/private/backups/20250618_120001-NPS_local-database.sql.gz

Backup Summary for NPS.local at 2025-06-18 12:00:02.130910
Config  : /home/nikhilsrivatsa/demo/sites/NPS.local/private/backups/20250618_120001-NPS_local-site_config_backup.json 160.0B
Database: /home/nikhilsrivatsa/demo/sites/NPS.local/private/backups/20250618_120001-NPS_local-database.sql.gz 400.5KiB
Backup for Site NPS.local has been successfully completed
File ./demo.local/private/backups/20250617_120001-demo_local-database.sql.gz is recent
File ./demo.local/private/backups/20250617_120001-demo_local-site_config_backup.json is recent
File ./demo.local/private/backups/20250616_180001-demo_local-site_config_backup.json is older than 24 hours
File ./demo.local/private/backups/20250616_180001-demo_local-database.sql.gz is older than 24 hours
set -o pipefail; /usr/bin/mariadb-dump --user=_f588a2d837e8ddd5 --host=127.0.0.1 --port=3306 --password=********** --single-transaction --quick --lock-tables=false _f588a2d837e8ddd5 | /usr/bin/gzip >> ./demo.local/private/backups/20250618_120002-demo_local-database.sql.gz

Backup Summary for demo.local at 2025-06-18 12:00:02.421227
Config  : /home/nikhilsrivatsa/demo/sites/demo.local/private/backups/20250618_120002-demo_local-site_config_backup.json 127.0B
Database: /home/nikhilsrivatsa/demo/sites/demo.local/private/backups/20250618_120002-demo_local-database.sql.gz 250.4KiB
Backup for Site demo.local has been successfully completed
set -o pipefail; /usr/bin/pg_dump postgresql://_8f6f9cca651ed14a:**********@127.0.0.1:5432/_8f6f9cca651ed14a | /usr/bin/gzip >> ./NPS.local/private/backups/20250619_120002-NPS_local-database.sql.gz

Backup Summary for NPS.local at 2025-06-19 12:00:02.595397
Config  : /home/nikhilsrivatsa/demo/sites/NPS.local/private/backups/20250619_120002-NPS_local-site_config_backup.json 160.0B
Database: /home/nikhilsrivatsa/demo/sites/NPS.local/private/backups/20250619_120002-NPS_local-database.sql.gz 409.6KiB
Backup for Site NPS.local has been successfully completed
File ./demo.local/private/backups/20250617_120001-demo_local-database.sql.gz is older than 24 hours
File ./demo.local/private/backups/20250617_120001-demo_local-site_config_backup.json is older than 24 hours
File ./demo.local/private/backups/20250618_120002-demo_local-database.sql.gz is older than 24 hours
File ./demo.local/private/backups/20250618_120002-demo_local-site_config_backup.json is older than 24 hours
set -o pipefail; /usr/bin/mariadb-dump --user=_f588a2d837e8ddd5 --host=127.0.0.1 --port=3306 --password=********** --single-transaction --quick --lock-tables=false _f588a2d837e8ddd5 | /usr/bin/gzip >> ./demo.local/private/backups/20250619_120002-demo_local-database.sql.gz

Backup Summary for demo.local at 2025-06-19 12:00:02.860813
Config  : /home/nikhilsrivatsa/demo/sites/demo.local/private/backups/20250619_120002-demo_local-site_config_backup.json 127.0B
Database: /home/nikhilsrivatsa/demo/sites/demo.local/private/backups/20250619_120002-demo_local-database.sql.gz 247.2KiB
Backup for Site demo.local has been successfully completed
set -o pipefail; /usr/bin/pg_dump postgresql://_8f6f9cca651ed14a:**********@127.0.0.1:5432/_8f6f9cca651ed14a | /usr/bin/gzip >> ./NPS.local/private/backups/20250624_000001-NPS_local-database.sql.gz

Backup Summary for NPS.local at 2025-06-24 00:00:02.254310
Config  : /home/nikhilsrivatsa/demo/sites/NPS.local/private/backups/20250624_000001-NPS_local-site_config_backup.json 160.0B
Database: /home/nikhilsrivatsa/demo/sites/NPS.local/private/backups/20250624_000001-NPS_local-database.sql.gz 416.9KiB
Backup for Site NPS.local has been successfully completed
File ./demo.local/private/backups/20250619_120002-demo_local-database.sql.gz is older than 24 hours
File ./demo.local/private/backups/20250619_120002-demo_local-site_config_backup.json is older than 24 hours
set -o pipefail; /usr/bin/mariadb-dump --user=_f588a2d837e8ddd5 --host=127.0.0.1 --port=3306 --password=********** --single-transaction --quick --lock-tables=false _f588a2d837e8ddd5 | /usr/bin/gzip >> ./demo.local/private/backups/20250624_000002-demo_local-database.sql.gz

Backup Summary for demo.local at 2025-06-24 00:00:02.498809
Config  : /home/nikhilsrivatsa/demo/sites/demo.local/private/backups/20250624_000002-demo_local-site_config_backup.json 127.0B
Database: /home/nikhilsrivatsa/demo/sites/demo.local/private/backups/20250624_000002-demo_local-database.sql.gz 247.8KiB
Backup for Site demo.local has been successfully completed
set -o pipefail; /usr/bin/pg_dump postgresql://_8f6f9cca651ed14a:**********@127.0.0.1:5432/_8f6f9cca651ed14a | /usr/bin/gzip >> ./NPS.local/private/backups/20250624_120001-NPS_local-database.sql.gz

Backup Summary for NPS.local at 2025-06-24 12:00:01.859430
Config  : /home/nikhilsrivatsa/demo/sites/NPS.local/private/backups/20250624_120001-NPS_local-site_config_backup.json 160.0B
Database: /home/nikhilsrivatsa/demo/sites/NPS.local/private/backups/20250624_120001-NPS_local-database.sql.gz 420.0KiB
Backup for Site NPS.local has been successfully completed
File ./demo.local/private/backups/20250624_000002-demo_local-site_config_backup.json is recent
File ./demo.local/private/backups/20250624_000002-demo_local-database.sql.gz is recent
set -o pipefail; /usr/bin/mariadb-dump --user=_f588a2d837e8ddd5 --host=127.0.0.1 --port=3306 --password=********** --single-transaction --quick --lock-tables=false _f588a2d837e8ddd5 | /usr/bin/gzip >> ./demo.local/private/backups/20250624_120001-demo_local-database.sql.gz

Backup Summary for demo.local at 2025-06-24 12:00:02.104938
Config  : /home/nikhilsrivatsa/demo/sites/demo.local/private/backups/20250624_120001-demo_local-site_config_backup.json 127.0B
Database: /home/nikhilsrivatsa/demo/sites/demo.local/private/backups/20250624_120001-demo_local-database.sql.gz 248.9KiB
Backup for Site demo.local has been successfully completed
set -o pipefail; /usr/bin/pg_dump postgresql://_8f6f9cca651ed14a:**********@127.0.0.1:5432/_8f6f9cca651ed14a | /usr/bin/gzip >> ./NPS.local/private/backups/20250625_120002-NPS_local-database.sql.gz

Backup Summary for NPS.local at 2025-06-25 12:00:02.670317
Config  : /home/nikhilsrivatsa/demo/sites/NPS.local/private/backups/20250625_120002-NPS_local-site_config_backup.json 160.0B
Database: /home/nikhilsrivatsa/demo/sites/NPS.local/private/backups/20250625_120002-NPS_local-database.sql.gz 433.9KiB
Backup for Site NPS.local has been successfully completed
File ./demo.local/private/backups/20250624_000002-demo_local-site_config_backup.json is older than 24 hours
File ./demo.local/private/backups/20250624_120001-demo_local-database.sql.gz is older than 24 hours
File ./demo.local/private/backups/20250624_000002-demo_local-database.sql.gz is older than 24 hours
File ./demo.local/private/backups/20250624_120001-demo_local-site_config_backup.json is older than 24 hours
set -o pipefail; /usr/bin/mariadb-dump --user=_f588a2d837e8ddd5 --host=127.0.0.1 --port=3306 --password=********** --single-transaction --quick --lock-tables=false _f588a2d837e8ddd5 | /usr/bin/gzip >> ./demo.local/private/backups/20250625_120002-demo_local-database.sql.gz

Backup Summary for demo.local at 2025-06-25 12:00:02.892647
Config  : /home/nikhilsrivatsa/demo/sites/demo.local/private/backups/20250625_120002-demo_local-site_config_backup.json 127.0B
Database: /home/nikhilsrivatsa/demo/sites/demo.local/private/backups/20250625_120002-demo_local-database.sql.gz 248.8KiB
Backup for Site demo.local has been successfully completed
set -o pipefail; /usr/bin/pg_dump postgresql://_8f6f9cca651ed14a:**********@127.0.0.1:5432/_8f6f9cca651ed14a | /usr/bin/gzip >> ./NPS.local/private/backups/20250626_120001-NPS_local-database.sql.gz

Backup Summary for NPS.local at 2025-06-26 12:00:02.263384
Config  : /home/nikhilsrivatsa/demo/sites/NPS.local/private/backups/20250626_120001-NPS_local-site_config_backup.json 160.0B
Database: /home/nikhilsrivatsa/demo/sites/NPS.local/private/backups/20250626_120001-NPS_local-database.sql.gz 438.2KiB
Backup for Site NPS.local has been successfully completed
File ./demo.local/private/backups/20250625_120002-demo_local-site_config_backup.json is recent
File ./demo.local/private/backups/20250625_120002-demo_local-database.sql.gz is recent
set -o pipefail; /usr/bin/mariadb-dump --user=_f588a2d837e8ddd5 --host=127.0.0.1 --port=3306 --password=********** --single-transaction --quick --lock-tables=false _f588a2d837e8ddd5 | /usr/bin/gzip >> ./demo.local/private/backups/20250626_120002-demo_local-database.sql.gz

Backup Summary for demo.local at 2025-06-26 12:00:02.528664
Config  : /home/nikhilsrivatsa/demo/sites/demo.local/private/backups/20250626_120002-demo_local-site_config_backup.json 127.0B
Database: /home/nikhilsrivatsa/demo/sites/demo.local/private/backups/20250626_120002-demo_local-database.sql.gz 249.1KiB
Backup for Site demo.local has been successfully completed
set -o pipefail; /usr/bin/pg_dump postgresql://_8f6f9cca651ed14a:**********@127.0.0.1:5432/_8f6f9cca651ed14a | /usr/bin/gzip >> ./NPS.local/private/backups/20250627_120001-NPS_local-database.sql.gz

Backup Summary for NPS.local at 2025-06-27 12:00:02.059425
Config  : /home/nikhilsrivatsa/demo/sites/NPS.local/private/backups/20250627_120001-NPS_local-site_config_backup.json 160.0B
Database: /home/nikhilsrivatsa/demo/sites/NPS.local/private/backups/20250627_120001-NPS_local-database.sql.gz 442.1KiB
Backup for Site NPS.local has been successfully completed
File ./demo.local/private/backups/20250626_120002-demo_local-site_config_backup.json is recent
File ./demo.local/private/backups/20250626_120002-demo_local-database.sql.gz is recent
File ./demo.local/private/backups/20250625_120002-demo_local-site_config_backup.json is older than 24 hours
File ./demo.local/private/backups/20250625_120002-demo_local-database.sql.gz is older than 24 hours
set -o pipefail; /usr/bin/mariadb-dump --user=_f588a2d837e8ddd5 --host=127.0.0.1 --port=3306 --password=********** --single-transaction --quick --lock-tables=false _f588a2d837e8ddd5 | /usr/bin/gzip >> ./demo.local/private/backups/20250627_120002-demo_local-database.sql.gz

Backup Summary for demo.local at 2025-06-27 12:00:02.314044
Config  : /home/nikhilsrivatsa/demo/sites/demo.local/private/backups/20250627_120002-demo_local-site_config_backup.json 127.0B
Database: /home/nikhilsrivatsa/demo/sites/demo.local/private/backups/20250627_120002-demo_local-database.sql.gz 249.1KiB
Backup for Site demo.local has been successfully completed
set -o pipefail; /usr/bin/pg_dump postgresql://_8f6f9cca651ed14a:**********@127.0.0.1:5432/_8f6f9cca651ed14a | /usr/bin/gzip >> ./NPS.local/private/backups/20250701_120002-NPS_local-database.sql.gz

Backup Summary for NPS.local at 2025-07-01 12:00:02.632327
Config  : /home/nikhilsrivatsa/demo/sites/NPS.local/private/backups/20250701_120002-NPS_local-site_config_backup.json 160.0B
Database: /home/nikhilsrivatsa/demo/sites/NPS.local/private/backups/20250701_120002-NPS_local-database.sql.gz 440.1KiB
Backup for Site NPS.local has been successfully completed
File ./demo.local/private/backups/20250626_120002-demo_local-site_config_backup.json is older than 24 hours
File ./demo.local/private/backups/20250627_120002-demo_local-database.sql.gz is older than 24 hours
File ./demo.local/private/backups/20250627_120002-demo_local-site_config_backup.json is older than 24 hours
File ./demo.local/private/backups/20250626_120002-demo_local-database.sql.gz is older than 24 hours
set -o pipefail; /usr/bin/mariadb-dump --user=_f588a2d837e8ddd5 --host=127.0.0.1 --port=3306 --password=********** --single-transaction --quick --lock-tables=false _f588a2d837e8ddd5 | /usr/bin/gzip >> ./demo.local/private/backups/20250701_120002-demo_local-database.sql.gz

Backup Summary for demo.local at 2025-07-01 12:00:02.912558
Config  : /home/nikhilsrivatsa/demo/sites/demo.local/private/backups/20250701_120002-demo_local-site_config_backup.json 127.0B
Database: /home/nikhilsrivatsa/demo/sites/demo.local/private/backups/20250701_120002-demo_local-database.sql.gz 248.2KiB
Backup for Site demo.local has been successfully completed
set -o pipefail; /usr/bin/pg_dump postgresql://_8f6f9cca651ed14a:**********@127.0.0.1:5432/_8f6f9cca651ed14a | /usr/bin/gzip >> ./NPS.local/private/backups/20250702_120001-NPS_local-database.sql.gz

Backup Summary for NPS.local at 2025-07-02 12:00:01.848460
Config  : /home/nikhilsrivatsa/demo/sites/NPS.local/private/backups/20250702_120001-NPS_local-site_config_backup.json 160.0B
Database: /home/nikhilsrivatsa/demo/sites/NPS.local/private/backups/20250702_120001-NPS_local-database.sql.gz 416.7KiB
Backup for Site NPS.local has been successfully completed
File ./demo.local/private/backups/20250701_120002-demo_local-site_config_backup.json is recent
File ./demo.local/private/backups/20250701_120002-demo_local-database.sql.gz is recent
set -o pipefail; /usr/bin/mariadb-dump --user=_f588a2d837e8ddd5 --host=127.0.0.1 --port=3306 --password=********** --single-transaction --quick --lock-tables=false _f588a2d837e8ddd5 | /usr/bin/gzip >> ./demo.local/private/backups/20250702_120001-demo_local-database.sql.gz

Backup Summary for demo.local at 2025-07-02 12:00:02.127430
Config  : /home/nikhilsrivatsa/demo/sites/demo.local/private/backups/20250702_120001-demo_local-site_config_backup.json 127.0B
Database: /home/nikhilsrivatsa/demo/sites/demo.local/private/backups/20250702_120001-demo_local-database.sql.gz 249.4KiB
Backup for Site demo.local has been successfully completed
